[>>][611e814448f73491442514][DEFAULT][/testlink/install/installCheck.php][21/Aug/19 16:05:24]
[<<][611e814448f73491442514][DEFAULT][/testlink/install/installCheck.php][21/Aug/19 16:05:24][21/Aug/19 16:05:24][took 0.046968 secs]
[>>][611e8167bdcc3374468909][DEFAULT][/testlink/install/installNewDB.php][21/Aug/19 16:05:59]
	[21/Aug/19 16:05:59][WARNING][<nosession>][GUI]
		E_WARNING
Creating default object from empty value - in C:\xampp\htdocs\testlink\install\installUtils.php - Line 551
	[21/Aug/19 16:06:04][WARNING][<nosession>][GUI]
		E_WARNING
count(): Parameter must be an array or an object that implements Countable - in C:\xampp\htdocs\testlink\install\installNewDB.php - Line 482
	[21/Aug/19 16:06:04][WARNING][<nosession>][GUI]
		E_WARNING
count(): Parameter must be an array or an object that implements Countable - in C:\xampp\htdocs\testlink\install\installNewDB.php - Line 484
[<<][611e8167bdcc3374468909][DEFAULT][/testlink/install/installNewDB.php][21/Aug/19 16:05:59][21/Aug/19 16:06:05][took 6.164704 secs]
[>>][611e81f3d0431532537242][DEFAULT][/testlink/index.php][21/Aug/19 16:08:19]
	[21/Aug/19 16:08:19][WARNING][<nosession>][GUI]
		E_NOTICE
Undefined index: currentUser - in C:\xampp\htdocs\testlink\index.php - Line 89
[<<][611e81f3d0431532537242][DEFAULT][/testlink/index.php][21/Aug/19 16:08:19][21/Aug/19 16:08:19][took 0.044659 secs]
[>>][611e81f40f41f491559908][DEFAULT][/testlink/login.php][21/Aug/19 16:08:20]
[<<][611e81f40f41f491559908][DEFAULT][/testlink/login.php][21/Aug/19 16:08:20][21/Aug/19 16:08:20][took 0.068499 secs]
[>>][611e81f420521065005291][DEFAULT][/testlink/login.php][21/Aug/19 16:08:20]
[<<][611e81f420521065005291][DEFAULT][/testlink/login.php][21/Aug/19 16:08:20][21/Aug/19 16:08:20][took 0.551753 secs]
[>>][611e81fc0f03a002629801][DEFAULT][/testlink/login.php][21/Aug/19 16:08:28]
[<<][611e81fc0f03a002629801][DEFAULT][/testlink/login.php][21/Aug/19 16:08:28][21/Aug/19 16:08:28][took 0.069608 secs]
[>>][611e81fc203af821994739][DEFAULT][/testlink/login.php][21/Aug/19 16:08:28]
[<<][611e81fc203af821994739][DEFAULT][/testlink/login.php][21/Aug/19 16:08:28][21/Aug/19 16:08:28][took 0.143907 secs]
[>>][611e81fc45683409209780][DEFAULT][/testlink/login.php][21/Aug/19 16:08:28]
[>>][611e81fc70b74333637956][DEFAULT][/testlink/index.php][21/Aug/19 16:08:28]
[>>][611e81fd3e799018838981][DEFAULT][/testlink/lib/general/navBar.php][21/Aug/19 16:08:29]
[>>][611e81fd3f216115659458][DEFAULT][/testlink/lib/general/mainPage.php][21/Aug/19 16:08:29]
[>>][611e81fdf1ed0641476085][DEFAULT][/testlink/lib/project/projectEdit.php][21/Aug/19 16:08:29]
[>>][611e820caa3ff304776330][DEFAULT][/testlink/lib/project/projectEdit.php][21/Aug/19 16:08:44]
[>>][611e820e07e7f293562080][DEFAULT][/testlink/index.php][21/Aug/19 16:08:46]
[>>][611e820e42c95946294730][DEFAULT][/testlink/lib/general/navBar.php][21/Aug/19 16:08:46]
[>>][611e820e441da864423420][DEFAULT][/testlink/lib/general/mainPage.php][21/Aug/19 16:08:46]
[>>][611e821444f92772153351][DEFAULT][/testlink/lib/general/frmWorkArea.php][21/Aug/19 16:08:52]
[>>][611e82147bd53165551528][DEFAULT][/testlink/lib/testcases/archiveData.php][21/Aug/19 16:08:52]
[>>][611e82147d510444356084][DEFAULT][/testlink/lib/testcases/listTestCases.php][21/Aug/19 16:08:52]
[>>][611e8216bec05370706696][DEFAULT][/testlink/lib/ajax/gettprojectnodes.php][21/Aug/19 16:08:54]
[>>][611e82176c23e946309181][DEFAULT][/testlink/lib/general/mainPage.php][21/Aug/19 16:08:55]
[>>][611e821ad8ca7997287364][DEFAULT][/testlink/lib/testcases/tcSearch.php][21/Aug/19 16:08:58]
[>>][611e821d462fc892620215][DEFAULT][/testlink/lib/testcases/tcSearch.php][21/Aug/19 16:09:01]
[>>][611e82d34e5d4998314387][DEFAULT][/testlink/lib/testcases/tcSearch.php][21/Aug/19 16:12:03]
[>>][611e82da6ac20276640860][DEFAULT][/testlink/index.php][21/Aug/19 16:12:10]
[>>][611e82dab5952912730230][DEFAULT][/testlink/lib/general/navBar.php][21/Aug/19 16:12:10]
[>>][611e82dab91ef606843870][DEFAULT][/testlink/lib/general/mainPage.php][21/Aug/19 16:12:10]
[>>][611e82e018c14457111217][DEFAULT][/testlink/lib/general/frmWorkArea.php][21/Aug/19 16:12:16]
[>>][611e82e068510874456042][DEFAULT][/testlink/lib/testcases/listTestCases.php][21/Aug/19 16:12:16]
[>>][611e82e068b65179563715][DEFAULT][/testlink/lib/testcases/archiveData.php][21/Aug/19 16:12:16]
[>>][611e82e0f035f939325909][DEFAULT][/testlink/lib/ajax/gettprojectnodes.php][21/Aug/19 16:12:16]
[>>][611e82e352d7d121532280][DEFAULT][/testlink/lib/testcases/archiveData.php][21/Aug/19 16:12:19]
[>>][611e82e62da13007890203][DEFAULT][/testlink/lib/testcases/archiveData.php][21/Aug/19 16:12:22]
[>>][611e82ec1e2fa615582167][DEFAULT][/testlink/lib/testcases/containerEdit.php][21/Aug/19 16:12:28]
[>>][611e82f48025d925688455][DEFAULT][/testlink/lib/testcases/containerEdit.php][21/Aug/19 16:12:36]
[>>][611e82f5163e1269767655][DEFAULT][/testlink/lib/testcases/listTestCases.php][21/Aug/19 16:12:37]
[>>][611e82f58ba1d350891278][DEFAULT][/testlink/lib/ajax/gettprojectnodes.php][21/Aug/19 16:12:37]
[>>][611e82fad6e57973598147][DEFAULT][/testlink/lib/ajax/gettprojectnodes.php][21/Aug/19 16:12:42]
[>>][611e82fbe4f75671978766][DEFAULT][/testlink/lib/testcases/archiveData.php][21/Aug/19 16:12:43]
[>>][611e8301805e0516986649][DEFAULT][/testlink/lib/testcases/containerEdit.php][21/Aug/19 16:12:49]
[>>][611e83ef946f4116486340][DEFAULT][/testlink/index.php][21/Aug/19 16:16:47]
[>>][611e83efecbfc707988590][DEFAULT][/testlink/lib/general/navBar.php][21/Aug/19 16:16:47]
[>>][611e83efeeb8f381548648][DEFAULT][/testlink/lib/general/mainPage.php][21/Aug/19 16:16:47]
[>>][611e83f82f687300566210][DEFAULT][/testlink/lib/general/frmWorkArea.php][21/Aug/19 16:16:56]
[>>][611e83f862c3b523848966][DEFAULT][/testlink/lib/testcases/archiveData.php][21/Aug/19 16:16:56]
[>>][611e83f864dd7403568395][DEFAULT][/testlink/lib/testcases/listTestCases.php][21/Aug/19 16:16:56]
[>>][611e83f903904931830621][DEFAULT][/testlink/lib/ajax/gettprojectnodes.php][21/Aug/19 16:16:57]
[>>][611e83f94454d031714164][DEFAULT][/testlink/lib/ajax/gettprojectnodes.php][21/Aug/19 16:16:57]
[>>][611e83fa29475927326077][DEFAULT][/testlink/lib/project/projectView.php][21/Aug/19 16:16:58]
[>>][611e83fbdc56a450478522][DEFAULT][/testlink/lib/project/projectEdit.php][21/Aug/19 16:16:59]
[>>][611e83ff3baca704499397][DEFAULT][/testlink/lib/project/projectView.php][21/Aug/19 16:17:03]
[>>][611e840304c0b483549631][DEFAULT][/testlink/lib/general/frmWorkArea.php][21/Aug/19 16:17:07]
[>>][611e840347cc5157208277][DEFAULT][/testlink/lib/testcases/listTestCases.php][21/Aug/19 16:17:07]
[>>][611e840347f00257294253][DEFAULT][/testlink/lib/testcases/archiveData.php][21/Aug/19 16:17:07]
[>>][611e8403af24a535108647][DEFAULT][/testlink/lib/ajax/gettprojectnodes.php][21/Aug/19 16:17:07]
[>>][611e8403df0c6634806828][DEFAULT][/testlink/lib/ajax/gettprojectnodes.php][21/Aug/19 16:17:07]
[>>][611e8404c84a7870967208][DEFAULT][/testlink/lib/testcases/archiveData.php][21/Aug/19 16:17:08]
[>>][611e84083f65c526845528][DEFAULT][/testlink/lib/testcases/containerEdit.php][21/Aug/19 16:17:12]
[>>][611e840c6e8dc182993957][DEFAULT][/testlink/lib/testcases/archiveData.php][21/Aug/19 16:17:16]
[>>][611e84135d23e878599445][DEFAULT][/testlink/lib/testcases/tcEdit.php][21/Aug/19 16:17:23]
[>>][611e843e9efd2426609414][DEFAULT][/testlink/index.php][21/Aug/19 16:18:06]
[>>][611e843ef05fe275410696][DEFAULT][/testlink/lib/general/navBar.php][21/Aug/19 16:18:06]
[>>][611e843ef0f72118785700][DEFAULT][/testlink/lib/general/mainPage.php][21/Aug/19 16:18:06]
[>>][611e84428a3d9191164853][DEFAULT][/testlink/lib/general/frmWorkArea.php][21/Aug/19 16:18:10]
[>>][611e8442cad53229997241][DEFAULT][/testlink/lib/testcases/archiveData.php][21/Aug/19 16:18:10]
[>>][611e8442cc591515763208][DEFAULT][/testlink/lib/testcases/listTestCases.php][21/Aug/19 16:18:10]
[>>][611e84440125b004758860][DEFAULT][/testlink/lib/ajax/gettprojectnodes.php][21/Aug/19 16:18:12]
[>>][611e8444235af772726109][DEFAULT][/testlink/lib/ajax/gettprojectnodes.php][21/Aug/19 16:18:12]
[>>][611e8445241ec334997281][DEFAULT][/testlink/lib/testcases/archiveData.php][21/Aug/19 16:18:13]
[>>][611e844a93baa671055132][DEFAULT][/testlink/lib/testcases/tcEdit.php][21/Aug/19 16:18:18]
[>>][611e844d67eb6951687557][DEFAULT][/lib/ajax/checkTCaseDuplicateName.php][21/Aug/19 16:18:21]
[>>][611e844d80d7c980540138][DEFAULT][/lib/ajax/checkTCaseDuplicateName.php][21/Aug/19 16:18:21]
[>>][611e844dbf956741049572][DEFAULT][/lib/ajax/checkTCaseDuplicateName.php][21/Aug/19 16:18:21]
[>>][611e844deb124090442196][DEFAULT][/lib/ajax/checkTCaseDuplicateName.php][21/Aug/19 16:18:21]
[>>][611e844e1c7fc289679673][DEFAULT][/lib/ajax/checkTCaseDuplicateName.php][21/Aug/19 16:18:22]
[>>][611e846178695518134796][DEFAULT][/testlink/lib/testcases/archiveData.php][21/Aug/19 16:18:41]
[>>][611e846af4015251686119][DEFAULT][/testlink/lib/testcases/tcEdit.php][21/Aug/19 16:18:50]
[>>][611e863105430751664593][DEFAULT][/testlink/index.php][21/Aug/19 16:26:25]
[>>][611e8631579ad984182517][DEFAULT][/testlink/lib/general/navBar.php][21/Aug/19 16:26:25]
[>>][611e863158116721358612][DEFAULT][/testlink/lib/general/mainPage.php][21/Aug/19 16:26:25]
[>>][611e8634a5605411157015][DEFAULT][/testlink/lib/general/frmWorkArea.php][21/Aug/19 16:26:28]
[>>][611e8634ee431451920388][DEFAULT][/testlink/lib/testcases/archiveData.php][21/Aug/19 16:26:28]
[>>][611e8634ee6fb351598425][DEFAULT][/testlink/lib/testcases/listTestCases.php][21/Aug/19 16:26:28]
[>>][611e863629e9d077303814][DEFAULT][/testlink/lib/ajax/gettprojectnodes.php][21/Aug/19 16:26:30]
[>>][611e86366502a962389376][DEFAULT][/testlink/lib/ajax/gettprojectnodes.php][21/Aug/19 16:26:30]
[>>][611e8637a3a36104873983][DEFAULT][/testlink/lib/testcases/archiveData.php][21/Aug/19 16:26:31]
[>>][611e863bc9884473772475][DEFAULT][/testlink/lib/testcases/tcEdit.php][21/Aug/19 16:26:35]
[>>][611e864bec025039908607][DEFAULT][/testlink/lib/testcases/archiveData.php][21/Aug/19 16:26:51]
[>>][611e8651eda74699706005][DEFAULT][/testlink/lib/testcases/tcEdit.php][21/Aug/19 16:26:57]
[>>][611e86e678fa0499792820][DEFAULT][/testlink/lib/testcases/archiveData.php][21/Aug/19 16:29:26]
[>>][611e86ea68207476736525][DEFAULT][/testlink/lib/testcases/tcEdit.php][21/Aug/19 16:29:30]
[>>][611e86f05041a632965617][DEFAULT][/testlink/lib/testcases/archiveData.php][21/Aug/19 16:29:36]
[>>][611e86f37f8fe383633311][DEFAULT][/testlink/lib/testcases/tcEdit.php][21/Aug/19 16:29:39]
[>>][611e87188deb4967233212][DEFAULT][/testlink/lib/testcases/archiveData.php][21/Aug/19 16:30:16]
[>>][611e871d9b5ff330674974][DEFAULT][/testlink/lib/testcases/tcEdit.php][21/Aug/19 16:30:21]
[>>][611e8790efb5d801729658][DEFAULT][/testlink/lib/testcases/archiveData.php][21/Aug/19 16:32:16]
[>>][611e8797505a8065478510][DEFAULT][/testlink/lib/testcases/tcEdit.php][21/Aug/19 16:32:23]
[>>][611e879fb51e0317013785][DEFAULT][/lib/ajax/checkTCaseDuplicateName.php][21/Aug/19 16:32:31]
[>>][611e879fb8f49248781030][DEFAULT][/lib/ajax/checkTCaseDuplicateName.php][21/Aug/19 16:32:31]
[>>][611e879fc513c114754090][DEFAULT][/lib/ajax/checkTCaseDuplicateName.php][21/Aug/19 16:32:31]
[>>][611e87a2eb9f1171279921][DEFAULT][/lib/ajax/checkTCaseDuplicateName.php][21/Aug/19 16:32:34]
[>>][611e87a2eddf6504011738][DEFAULT][/lib/ajax/checkTCaseDuplicateName.php][21/Aug/19 16:32:34]
[>>][611e87a3388e2631196834][DEFAULT][/lib/ajax/checkTCaseDuplicateName.php][21/Aug/19 16:32:35]
[>>][611e87a33c4bb946297468][DEFAULT][/lib/ajax/checkTCaseDuplicateName.php][21/Aug/19 16:32:35]
[>>][611e87a35166e249564605][DEFAULT][/lib/ajax/checkTCaseDuplicateName.php][21/Aug/19 16:32:35]
[>>][611e87a3675aa059014433][DEFAULT][/lib/ajax/checkTCaseDuplicateName.php][21/Aug/19 16:32:35]
[>>][611e87a3cc874750479247][DEFAULT][/lib/ajax/checkTCaseDuplicateName.php][21/Aug/19 16:32:35]
[>>][611e87a3dd071303449918][DEFAULT][/lib/ajax/checkTCaseDuplicateName.php][21/Aug/19 16:32:35]
[>>][611e87a3ef124048023635][DEFAULT][/lib/ajax/checkTCaseDuplicateName.php][21/Aug/19 16:32:35]
[>>][611e87a41562d326506873][DEFAULT][/lib/ajax/checkTCaseDuplicateName.php][21/Aug/19 16:32:36]
[>>][611e87a429ed7717931362][DEFAULT][/lib/ajax/checkTCaseDuplicateName.php][21/Aug/19 16:32:36]
[>>][611e87a4e8164357984023][DEFAULT][/lib/ajax/checkTCaseDuplicateName.php][21/Aug/19 16:32:36]
[>>][611e87a5047e4906560693][DEFAULT][/lib/ajax/checkTCaseDuplicateName.php][21/Aug/19 16:32:37]
[>>][611e87a52e994371926679][DEFAULT][/lib/ajax/checkTCaseDuplicateName.php][21/Aug/19 16:32:37]
[>>][611e87a5408eb994398252][DEFAULT][/lib/ajax/checkTCaseDuplicateName.php][21/Aug/19 16:32:37]
[>>][611e87a5574c7996665666][DEFAULT][/lib/ajax/checkTCaseDuplicateName.php][21/Aug/19 16:32:37]
[>>][611e87b3d14ba572512095][DEFAULT][/testlink/lib/testcases/tcEdit.php][21/Aug/19 16:32:51]
[>>][611e887c9f763819131718][DEFAULT][/testlink/lib/testcases/archiveData.php][21/Aug/19 16:36:12]
[>>][611e887fd7dff017395389][DEFAULT][/testlink/lib/testcases/tcEdit.php][21/Aug/19 16:36:15]
[>>][611e88823a6b9949343107][DEFAULT][/lib/ajax/checkTCaseDuplicateName.php][21/Aug/19 16:36:18]
[>>][611e8882e619f743519642][DEFAULT][/lib/ajax/checkTCaseDuplicateName.php][21/Aug/19 16:36:18]
[>>][611e8883347de864441159][DEFAULT][/lib/ajax/checkTCaseDuplicateName.php][21/Aug/19 16:36:19]
[>>][611e888ba491f915072310][DEFAULT][/testlink/lib/testcases/tcEdit.php][21/Aug/19 16:36:27]
[>>][611e88d65b425782461388][DEFAULT][/testlink/index.php][21/Aug/19 16:37:42]
[>>][611e88d6a55d5471445916][DEFAULT][/testlink/lib/general/mainPage.php][21/Aug/19 16:37:42]
[>>][611e88d6a7b52652398677][DEFAULT][/testlink/lib/general/navBar.php][21/Aug/19 16:37:42]
[>>][611e88dae339c383648155][DEFAULT][/testlink/lib/general/frmWorkArea.php][21/Aug/19 16:37:46]
[>>][611e88db2d429633078700][DEFAULT][/testlink/lib/testcases/listTestCases.php][21/Aug/19 16:37:47]
[>>][611e88db2ebf7173184982][DEFAULT][/testlink/lib/testcases/archiveData.php][21/Aug/19 16:37:47]
[>>][611e88dba8c89987534698][DEFAULT][/testlink/lib/ajax/gettprojectnodes.php][21/Aug/19 16:37:47]
[>>][611e88dbe998b617166170][DEFAULT][/testlink/lib/ajax/gettprojectnodes.php][21/Aug/19 16:37:47]
[>>][611e88ddb03f5067995626][DEFAULT][/testlink/lib/testcases/archiveData.php][21/Aug/19 16:37:49]
[>>][611e88e83b6f2891014070][DEFAULT][/testlink/lib/testcases/tcEdit.php][21/Aug/19 16:38:00]
[>>][611e88eaaa5e3827488556][DEFAULT][/lib/ajax/checkTCaseDuplicateName.php][21/Aug/19 16:38:02]
[>>][611e88eaadb4b108846397][DEFAULT][/lib/ajax/checkTCaseDuplicateName.php][21/Aug/19 16:38:02]
[>>][611e88eac5856097450693][DEFAULT][/lib/ajax/checkTCaseDuplicateName.php][21/Aug/19 16:38:02]
[>>][611e88eacfe47393241838][DEFAULT][/lib/ajax/checkTCaseDuplicateName.php][21/Aug/19 16:38:02]
[>>][611e88ead93b9475872287][DEFAULT][/lib/ajax/checkTCaseDuplicateName.php][21/Aug/19 16:38:02]
[>>][611e88f88005f765538129][DEFAULT][/testlink/lib/testcases/tcEdit.php][21/Aug/19 16:38:16]
[>>][611e89cbe76d8100672352][DEFAULT][/testlink/lib/testcases/archiveData.php][21/Aug/19 16:41:47]
[>>][611e89ce9ac7e663041439][DEFAULT][/testlink/lib/testcases/tcEdit.php][21/Aug/19 16:41:50]
[>>][611e89d21baa6452231386][DEFAULT][/lib/ajax/checkTCaseDuplicateName.php][21/Aug/19 16:41:54]
[>>][611e89d21ddc8929948562][DEFAULT][/lib/ajax/checkTCaseDuplicateName.php][21/Aug/19 16:41:54]
[>>][611e89d22867f127494001][DEFAULT][/lib/ajax/checkTCaseDuplicateName.php][21/Aug/19 16:41:54]
[>>][611e89d23d75a535351772][DEFAULT][/lib/ajax/checkTCaseDuplicateName.php][21/Aug/19 16:41:54]
[>>][611e89d247a5e031874604][DEFAULT][/lib/ajax/checkTCaseDuplicateName.php][21/Aug/19 16:41:54]
[>>][611e89d64d510197714376][DEFAULT][/testlink/lib/testcases/tcEdit.php][21/Aug/19 16:41:58]
[>>][611e89e1e90c6887995830][DEFAULT][/testlink/lib/testcases/archiveData.php][21/Aug/19 16:42:09]
[>>][611e89e4c65c0350782875][DEFAULT][/testlink/index.php][21/Aug/19 16:42:12]
[>>][611e89e510148366136376][DEFAULT][/testlink/lib/general/mainPage.php][21/Aug/19 16:42:13]
[>>][611e89e510138971006313][DEFAULT][/testlink/lib/general/navBar.php][21/Aug/19 16:42:13]
[>>][611e89e78df08574306484][DEFAULT][/testlink/lib/general/frmWorkArea.php][21/Aug/19 16:42:15]
[>>][611e89e7d0749320814292][DEFAULT][/testlink/lib/testcases/listTestCases.php][21/Aug/19 16:42:15]
[>>][611e89e7d2c16003371584][DEFAULT][/testlink/lib/testcases/archiveData.php][21/Aug/19 16:42:15]
[>>][611e89e8459d4352714450][DEFAULT][/testlink/lib/ajax/gettprojectnodes.php][21/Aug/19 16:42:16]
[>>][611e89e873440678683370][DEFAULT][/testlink/lib/ajax/gettprojectnodes.php][21/Aug/19 16:42:16]
[>>][611e89e9ed0fe195474280][DEFAULT][/testlink/lib/testcases/archiveData.php][21/Aug/19 16:42:17]
[>>][611e89ec515f2918853348][DEFAULT][/testlink/lib/testcases/tcEdit.php][21/Aug/19 16:42:20]
[>>][611e89ee72485703701658][DEFAULT][/lib/ajax/checkTCaseDuplicateName.php][21/Aug/19 16:42:22]
[>>][611e89ee731ab307551267][DEFAULT][/lib/ajax/checkTCaseDuplicateName.php][21/Aug/19 16:42:22]
[>>][611e89ee9b276624636952][DEFAULT][/lib/ajax/checkTCaseDuplicateName.php][21/Aug/19 16:42:22]
[>>][611e89ee9b347819039692][DEFAULT][/lib/ajax/checkTCaseDuplicateName.php][21/Aug/19 16:42:22]
[>>][611e89eeaa309276160337][DEFAULT][/lib/ajax/checkTCaseDuplicateName.php][21/Aug/19 16:42:22]
[>>][611e89f1a3899637312195][DEFAULT][/testlink/lib/testcases/tcEdit.php][21/Aug/19 16:42:25]
[>>][611e8a7e75dc0338630603][DEFAULT][/testlink/lib/testcases/archiveData.php][21/Aug/19 16:44:46]
[>>][611e8a821d3b1945036891][DEFAULT][/testlink/lib/testcases/tcEdit.php][21/Aug/19 16:44:50]
[>>][611e8a83e6769925983077][DEFAULT][/lib/ajax/checkTCaseDuplicateName.php][21/Aug/19 16:44:51]
[>>][611e8a83ecaad062284677][DEFAULT][/lib/ajax/checkTCaseDuplicateName.php][21/Aug/19 16:44:51]
[>>][611e8a840311c865056332][DEFAULT][/lib/ajax/checkTCaseDuplicateName.php][21/Aug/19 16:44:52]
[>>][611e8a8410c66776393518][DEFAULT][/lib/ajax/checkTCaseDuplicateName.php][21/Aug/19 16:44:52]
[>>][611e8a84114fe220095637][DEFAULT][/lib/ajax/checkTCaseDuplicateName.php][21/Aug/19 16:44:52]
[>>][611e8a8718d78686057016][DEFAULT][/testlink/lib/testcases/tcEdit.php][21/Aug/19 16:44:55]
[>>][611e8ab00f80d090861654][DEFAULT][/testlink/lib/testcases/archiveData.php][21/Aug/19 16:45:36]
[>>][611e8ab344d93376870706][DEFAULT][/testlink/lib/testcases/tcEdit.php][21/Aug/19 16:45:39]
[>>][611e8ab4d4034902152925][DEFAULT][/lib/ajax/checkTCaseDuplicateName.php][21/Aug/19 16:45:40]
[>>][611e8ab4d439c377259174][DEFAULT][/lib/ajax/checkTCaseDuplicateName.php][21/Aug/19 16:45:40]
[>>][611e8ab4d85d3324531757][DEFAULT][/lib/ajax/checkTCaseDuplicateName.php][21/Aug/19 16:45:40]
[>>][611e8ab71d3b9180899906][DEFAULT][/testlink/lib/testcases/tcEdit.php][21/Aug/19 16:45:43]
[>>][611e8ae3ac555825541307][DEFAULT][/testlink/lib/testcases/archiveData.php][21/Aug/19 16:46:27]
[>>][611e8ae71fcd2620967575][DEFAULT][/testlink/lib/testcases/tcEdit.php][21/Aug/19 16:46:31]
[>>][611e8ae8f0d89924477394][DEFAULT][/lib/ajax/checkTCaseDuplicateName.php][21/Aug/19 16:46:32]
[>>][611e8ae90a668818007814][DEFAULT][/lib/ajax/checkTCaseDuplicateName.php][21/Aug/19 16:46:33]
[>>][611e8ae90c119568403705][DEFAULT][/lib/ajax/checkTCaseDuplicateName.php][21/Aug/19 16:46:33]
[>>][611e8ae9142b8043477736][DEFAULT][/lib/ajax/checkTCaseDuplicateName.php][21/Aug/19 16:46:33]
[>>][611e8ae914b8a431060711][DEFAULT][/lib/ajax/checkTCaseDuplicateName.php][21/Aug/19 16:46:33]
[>>][611e8aeb3ed2d891073963][DEFAULT][/testlink/lib/testcases/tcEdit.php][21/Aug/19 16:46:35]
[>>][611e8c175fc62512968503][DEFAULT][/testlink/lib/testcases/archiveData.php][21/Aug/19 16:51:35]
[>>][611e8c1b9f66c259261947][DEFAULT][/testlink/lib/testcases/tcEdit.php][21/Aug/19 16:51:39]
[>>][611e8c1db4c16810218926][DEFAULT][/lib/ajax/checkTCaseDuplicateName.php][21/Aug/19 16:51:41]
[>>][611e8c1db53f6830493571][DEFAULT][/lib/ajax/checkTCaseDuplicateName.php][21/Aug/19 16:51:41]
[>>][611e8c1db51ac045540513][DEFAULT][/lib/ajax/checkTCaseDuplicateName.php][21/Aug/19 16:51:41]
[>>][611e8c1febf62040215682][DEFAULT][/testlink/lib/testcases/tcEdit.php][21/Aug/19 16:51:43]
[>>][611e8c2295f98188572571][DEFAULT][/testlink/lib/testcases/listTestCases.php][21/Aug/19 16:51:46]
[>>][611e8c231a1c9898371616][DEFAULT][/testlink/lib/ajax/gettprojectnodes.php][21/Aug/19 16:51:47]
[>>][611e8c23444dc822648161][DEFAULT][/testlink/lib/ajax/gettprojectnodes.php][21/Aug/19 16:51:47]
[>>][611e8c37c8096919480724][DEFAULT][/testlink/lib/testcases/tcEdit.php][21/Aug/19 16:52:07]
[>>][611e8cfa79d02743206371][DEFAULT][/testlink/lib/testcases/archiveData.php][21/Aug/19 16:55:22]
[>>][611e8cfce33b2433514505][DEFAULT][/testlink/lib/testcases/tcEdit.php][21/Aug/19 16:55:24]
[>>][611e8d07a0814304627503][DEFAULT][/testlink/login.php][21/Aug/19 16:55:35]
[>>][611e8d07be3b7369818845][DEFAULT][/testlink/lib/testcases/tcEdit.php][21/Aug/19 16:55:35]
[>>][611e8d0ccab79729700901][DEFAULT][/testlink/login.php][21/Aug/19 16:55:40]
[>>][611e8d0d07f2f943388300][DEFAULT][/testlink/lib/testcases/tcEdit.php][21/Aug/19 16:55:41]
[>>][611e8d10733b0156801818][DEFAULT][/testlink/login.php][21/Aug/19 16:55:44]
[>>][611e8d10936fa643539839][DEFAULT][/testlink/lib/testcases/tcEdit.php][21/Aug/19 16:55:44]
[>>][611e8d1350c8f255378564][DEFAULT][/testlink/login.php][21/Aug/19 16:55:47]
[>>][611e8d136dade519056821][DEFAULT][/testlink/lib/testcases/tcEdit.php][21/Aug/19 16:55:47]
[>>][611e8d1f6d399939057246][DEFAULT][/testlink/index.php][21/Aug/19 16:55:59]
[>>][611e8d1fa5935689895210][DEFAULT][/testlink/lib/general/navBar.php][21/Aug/19 16:55:59]
[>>][611e8d1fa5fe8492316741][DEFAULT][/testlink/lib/general/mainPage.php][21/Aug/19 16:55:59]
[>>][611e8d296ebdf332801614][DEFAULT][/testlink/lib/testcases/tcSearch.php][21/Aug/19 16:56:09]
[>>][611e8d2b4f717776234871][DEFAULT][/testlink/lib/testcases/tcSearch.php][21/Aug/19 16:56:11]
[>>][611e8d3018757168172820][DEFAULT][/testlink/index.php][21/Aug/19 16:56:16]
[>>][611e8d30393ea809413107][DEFAULT][/testlink/lib/general/navBar.php][21/Aug/19 16:56:16]
[>>][611e8d3039425253458538][DEFAULT][/testlink/lib/general/mainPage.php][21/Aug/19 16:56:16]
[>>][611e8d360e1f4968580003][DEFAULT][/testlink/lib/plan/planView.php][21/Aug/19 16:56:22]
[>>][611e8d3890fdb917575326][DEFAULT][/testlink/lib/plan/planEdit.php][21/Aug/19 16:56:24]
[>>][611e8d4090969246018275][DEFAULT][/testlink/lib/plan/planEdit.php][21/Aug/19 16:56:32]
[>>][611e8d410ae92108972859][DEFAULT][/testlink/lib/general/navBar.php][21/Aug/19 16:56:33]
[>>][611e8d4e60d0b330136502][DEFAULT][/testlink/lib/general/frmWorkArea.php][21/Aug/19 16:56:46]
[>>][611e8d4e9181d765787711][DEFAULT][/testlink/lib/plan/planAddTCNavigator.php][21/Aug/19 16:56:46]
[>>][611e8d4e91cff988051742][DEFAULT][/testlink/lib/results/printDocOptions.php][21/Aug/19 16:56:46]
[>>][611e8d4ef1752338035196][DEFAULT][/testlink/lib/ajax/gettprojectnodes.php][21/Aug/19 16:56:46]
[>>][611e8d50c75e6950781894][DEFAULT][/testlink/lib/ajax/gettprojectnodes.php][21/Aug/19 16:56:48]
[>>][611e8d530bf10011245023][DEFAULT][/testlink/lib/plan/planAddTC.php][21/Aug/19 16:56:51]
[>>][611e8d6ac51c8429721719][DEFAULT][/testlink/lib/plan/planAddTC.php][21/Aug/19 16:57:14]
[>>][611e8d6b84f8d335979105][DEFAULT][/testlink/lib/plan/planAddTCNavigator.php][21/Aug/19 16:57:15]
[>>][611e8d6bc7784351502349][DEFAULT][/testlink/lib/ajax/gettprojectnodes.php][21/Aug/19 16:57:15]
[>>][611e8d6be0507823013053][DEFAULT][/testlink/lib/ajax/gettprojectnodes.php][21/Aug/19 16:57:15]
[>>][611e8d768a492612801786][DEFAULT][/testlink/lib/plan/planAddTC.php][21/Aug/19 16:57:26]
[>>][611e8d770dc22697508856][DEFAULT][/testlink/lib/plan/planAddTCNavigator.php][21/Aug/19 16:57:27]
[>>][611e8d775bf74365092269][DEFAULT][/testlink/lib/ajax/gettprojectnodes.php][21/Aug/19 16:57:27]
[>>][611e8d778ad2c043045402][DEFAULT][/testlink/lib/ajax/gettprojectnodes.php][21/Aug/19 16:57:27]
[>>][611e8d798260a525609180][DEFAULT][/testlink/index.php][21/Aug/19 16:57:29]
[>>][611e8d79a82e2494448788][DEFAULT][/testlink/lib/general/mainPage.php][21/Aug/19 16:57:29]
[>>][611e8d79a8718580279551][DEFAULT][/testlink/lib/general/navBar.php][21/Aug/19 16:57:29]
[>>][611e8dc6aa804396839892][DEFAULT][/testlink/lib/general/mainPage.php][21/Aug/19 16:58:46]
[>>][611e8dcb8ee00474702335][DEFAULT][/testlink/lib/plan/buildView.php][21/Aug/19 16:58:51]
[>>][611e8e0378b69531164438][DEFAULT][/testlink/lib/general/mainPage.php][21/Aug/19 16:59:47]
[>>][611e8e061eba5004872487][DEFAULT][/testlink/lib/plan/buildView.php][21/Aug/19 16:59:50]
[>>][611e8e855bd18744906578][DEFAULT][/testlink/index.php][21/Aug/19 17:01:57]
[>>][611e8e858a901606199255][DEFAULT][/testlink/lib/general/navBar.php][21/Aug/19 17:01:57]
[>>][611e8e858b49c295190062][DEFAULT][/testlink/lib/general/mainPage.php][21/Aug/19 17:01:57]
[>>][611e8e885ffc1806822727][DEFAULT][/testlink/lib/plan/buildView.php][21/Aug/19 17:02:00]
[>>][611e8e89b541a834364836][DEFAULT][/testlink/lib/plan/buildEdit.php][21/Aug/19 17:02:01]
[>>][611e8e947b0ec082506258][DEFAULT][/testlink/lib/plan/buildEdit.php][21/Aug/19 17:02:12]
[>>][611e8e9e13656847555888][DEFAULT][/testlink/lib/plan/buildEdit.php][21/Aug/19 17:02:22]
[>>][611e8e9e545c8837077633][DEFAULT][/testlink/index.php][21/Aug/19 17:02:22]
[>>][611e8e9e7bdc3697109877][DEFAULT][/testlink/lib/general/navBar.php][21/Aug/19 17:02:22]
[>>][611e8e9e7c2ed966162814][DEFAULT][/testlink/lib/general/mainPage.php][21/Aug/19 17:02:22]
[>>][611e8ea4b3d78196035409][DEFAULT][/testlink/index.php][21/Aug/19 17:02:28]
[>>][611e8ea4d88de742192255][DEFAULT][/testlink/lib/general/navBar.php][21/Aug/19 17:02:28]
[>>][611e8ea4d9037400194465][DEFAULT][/testlink/lib/plan/buildEdit.php][21/Aug/19 17:02:28]
[>>][611e8ea51ffa8249913796][DEFAULT][/testlink/index.php][21/Aug/19 17:02:29]
[>>][611e8ea5441dc066864236][DEFAULT][/testlink/lib/general/mainPage.php][21/Aug/19 17:02:29]
[>>][611e8ea544429184456694][DEFAULT][/testlink/lib/general/navBar.php][21/Aug/19 17:02:29]
[>>][611e8ead75cb7553624599][DEFAULT][/testlink/lib/general/frmWorkArea.php][21/Aug/19 17:02:37]
[>>][611e8eada3f97583525323][DEFAULT][/testlink/lib/execute/execNavigator.php][21/Aug/19 17:02:37]
[>>][611e8eada4246638071273][DEFAULT][/testlink/lib/execute/execDashboard.php][21/Aug/19 17:02:37]
[>>][611e8eae102c6760443524][DEFAULT][/testlink/lib/execute/execDashboard.php][21/Aug/19 17:02:38]
[>>][611e8eb3f0f18905011503][DEFAULT][/testlink/lib/execute/execSetResults.php][21/Aug/19 17:02:43]
[>>][611e8f0683159388224678][DEFAULT][/testlink/lib/execute/execSetResults.php][21/Aug/19 17:04:06]
[>>][611e8f07a9e00007002396][DEFAULT][/testlink/lib/execute/execSetResults.php][21/Aug/19 17:04:07]
[>>][611e8f2f4b659584988919][DEFAULT][/testlink/lib/execute/execSetResults.php][21/Aug/19 17:04:47]
[>>][611e8f8915e07501967927][DEFAULT][/testlink/lib/execute/execSetResults.php][21/Aug/19 17:06:17]
[>>][611e8fa2d430e807150401][DEFAULT][/testlink/lib/execute/execSetResults.php][21/Aug/19 17:06:42]
[>>][611e8fa3476c3632719408][DEFAULT][/testlink/lib/execute/execNavigator.php][21/Aug/19 17:06:43]
[>>][611e8fb039003950579986][DEFAULT][/lib/attachments/attachmentupload.php][21/Aug/19 17:06:56]
[>>][611e8fb34ce99502830282][DEFAULT][/testlink/lib/execute/execSetResults.php][21/Aug/19 17:06:59]
[>>][611e8fb80a2ad829319063][DEFAULT][/testlink/lib/execute/getExecNotes.php][21/Aug/19 17:07:04]
[>>][611e8fc1ace13133108186][DEFAULT][/lib/attachments/attachmentupload.php][21/Aug/19 17:07:13]
[>>][611e8fc6d1654889872091][DEFAULT][/lib/attachments/attachmentupload.php][21/Aug/19 17:07:18]
[>>][611e8fcc575c9338447004][DEFAULT][/testlink/lib/execute/execSetResults.php][21/Aug/19 17:07:24]
[>>][611e8fcfac9e3899626725][DEFAULT][/lib/attachments/attachmentupload.php][21/Aug/19 17:07:27]
[>>][611e8fd293821697324329][DEFAULT][/testlink/lib/execute/execSetResults.php][21/Aug/19 17:07:30]
[>>][611e8fda3636e152780951][DEFAULT][/testlink/lib/execute/editExecution.php][21/Aug/19 17:07:38]
[>>][611e8fdc69c0a424259925][DEFAULT][/testlink/lib/execute/execSetResults.php][21/Aug/19 17:07:40]
[>>][611e8fe71ef4c519529717][DEFAULT][/testlink/lib/execute/getExecNotes.php][21/Aug/19 17:07:51]
[>>][611e8ffb15846832370345][DEFAULT][/lib/attachments/attachmentupload.php][21/Aug/19 17:08:11]
[>>][611e8ffc5e250591678267][DEFAULT][/testlink/lib/execute/execSetResults.php][21/Aug/19 17:08:12]
[>>][611e9011bdd67787671816][DEFAULT][/testlink/lib/execute/execSetResults.php][21/Aug/19 17:08:33]
[>>][611e90123761e354062886][DEFAULT][/testlink/lib/execute/execNavigator.php][21/Aug/19 17:08:34]
[>>][611e90283f38f829931767][DEFAULT][/testlink/lib/execute/execSetResults.php][21/Aug/19 17:08:56]
[>>][611e902894bfb379523250][DEFAULT][/testlink/lib/execute/execNavigator.php][21/Aug/19 17:08:56]
[>>][611e902c7b3b8775362778][DEFAULT][/testlink/lib/execute/getExecNotes.php][21/Aug/19 17:09:00]
[>>][611e903f879be720902366][DEFAULT][/testlink/lib/execute/execSetResults.php][21/Aug/19 17:09:19]
[>>][611e90401aa83816687510][DEFAULT][/testlink/lib/execute/execNavigator.php][21/Aug/19 17:09:20]
[>>][611e9067cfef0798722661][DEFAULT][/testlink/lib/execute/getExecNotes.php][21/Aug/19 17:09:59]
[>>][611e907fc6514800059601][DEFAULT][/testlink/lib/execute/execSetResults.php][21/Aug/19 17:10:23]
[>>][611e9093673d3813928680][DEFAULT][/testlink/lib/execute/execSetResults.php][21/Aug/19 17:10:43]
[>>][611e9093e8971744330210][DEFAULT][/testlink/lib/execute/execNavigator.php][21/Aug/19 17:10:43]
[>>][611e909ac6190284129543][DEFAULT][/testlink/lib/execute/getExecNotes.php][21/Aug/19 17:10:50]
[>>][611e90aec47f8810607391][DEFAULT][/testlink/lib/execute/execPrint.php][21/Aug/19 17:11:10]
[>>][611e90bf33095400431303][DEFAULT][/testlink/index.php][21/Aug/19 17:11:27]
[>>][611e90bf7aafc078303144][DEFAULT][/testlink/lib/general/mainPage.php][21/Aug/19 17:11:27]
[>>][611e90bf7b42c214841247][DEFAULT][/testlink/lib/general/navBar.php][21/Aug/19 17:11:27]
[>>][611e90c2b38d6046761924][DEFAULT][/testlink/lib/general/frmWorkArea.php][21/Aug/19 17:11:30]
[>>][611e90c300336216301694][DEFAULT][/testlink/lib/results/resultsNavigator.php][21/Aug/19 17:11:31]
[>>][611e90c301eaf757327021][DEFAULT][/testlink/lib/general/staticPage.php][21/Aug/19 17:11:31]
[>>][611e90c3899c4967025602][DEFAULT][/testlink/lib/general/staticPage.php][21/Aug/19 17:11:31]
[>>][611e90c65e197503563065][DEFAULT][/testlink/lib/results/printDocOptions.php][21/Aug/19 17:11:34]
[>>][611e90d2623c0511651318][DEFAULT][/testlink/lib/results/printDocument.php][21/Aug/19 17:11:46]
[>>][611e90dc38a5a098181065][DEFAULT][/testlink/index.php][21/Aug/19 17:11:56]
[>>][611e90dc70aeb752165618][DEFAULT][/testlink/lib/general/mainPage.php][21/Aug/19 17:11:56]
[>>][611e90dc71a56845278221][DEFAULT][/testlink/lib/general/navBar.php][21/Aug/19 17:11:56]
[>>][611e90e311a63585648547][DEFAULT][/testlink/lib/project/projectView.php][21/Aug/19 17:12:03]
[>>][611e90e6cc8da657657867][DEFAULT][/testlink/lib/project/projectEdit.php][21/Aug/19 17:12:06]
[>>][611e90ea23077049179055][DEFAULT][/testlink/index.php][21/Aug/19 17:12:10]
[>>][611e90ea5bccc160896720][DEFAULT][/testlink/lib/general/navBar.php][21/Aug/19 17:12:10]
[>>][611e90ea5f53b318020799][DEFAULT][/testlink/lib/general/mainPage.php][21/Aug/19 17:12:10]
[>>][611e90f18d5a8099667605][DEFAULT][/testlink/lib/results/metricsDashboard.php][21/Aug/19 17:12:17]
[>>][611e9104f37a0511634243][DEFAULT][/testlink/index.php][21/Aug/19 17:12:36]
[>>][611e910533d90310106689][DEFAULT][/testlink/lib/general/mainPage.php][21/Aug/19 17:12:37]
[>>][611e910534790784723742][DEFAULT][/testlink/lib/general/navBar.php][21/Aug/19 17:12:37]
[>>][611e910975bbd887074079][DEFAULT][/testlink/lib/plan/planView.php][21/Aug/19 17:12:41]
[>>][611e910c4cc19971173359][DEFAULT][/testlink/lib/plan/planEdit.php][21/Aug/19 17:12:44]
[>>][611e911535002749104398][DEFAULT][/testlink/lib/plan/planEdit.php][21/Aug/19 17:12:53]
[>>][611e9115e4aa2659446413][DEFAULT][/testlink/lib/general/navBar.php][21/Aug/19 17:12:53]
[>>][611e912093a78352958729][DEFAULT][/testlink/lib/general/frmWorkArea.php][21/Aug/19 17:13:04]
[>>][611e912c386d2647812440][DEFAULT][/testlink/index.php][21/Aug/19 17:13:16]
[>>][611e912c6c58c378925964][DEFAULT][/testlink/lib/general/navBar.php][21/Aug/19 17:13:16]
]
[>>][611e913cd4c85882278605][DEFAULT][/testlink/lib/general/frmWorkArea.php][21/Aug/19 17:13:32]
[>>][611e91c11dda4352072528][DEFAULT][/testlink/index.php][21/Aug/19 17:15:45]
[>>][611e91c15b8fc655535720][DEFAULT][/testlink/lib/general/navBar.php][21/Aug/19 17:15:45]
[>>][611e91c15e362105240064][DEFAULT][/testlink/lib/general/mainPage.php][21/Aug/19 17:15:45]
[>>][611e91ce45eb5346138627][DEFAULT][/testlink/lib/general/frmWorkArea.php][21/Aug/19 17:15:58]
[>>][611e91eb654f9701644343][DEFAULT][/testlink/index.php][21/Aug/19 17:16:27]
[>>][611e91eb9daf8513150173][DEFAULT][/testlink/lib/general/navBar.php][21/Aug/19 17:16:27]
[>>][611e91eb9dd62005613588][DEFAULT][/testlink/lib/general/mainPage.php][21/Aug/19 17:16:27]
[>>][611e91ef665b1826377952][DEFAULT][/testlink/lib/general/frmWorkArea.php][21/Aug/19 17:16:31]
[>>][611e9292694a5330621254][DEFAULT][/testlink/index.php][21/Aug/19 17:19:14]
[>>][611e9292a5708248491056][DEFAULT][/testlink/lib/general/navBar.php][21/Aug/19 17:19:14]
[>>][611e9292a6d03500171409][DEFAULT][/testlink/lib/general/mainPage.php][21/Aug/19 17:19:14]
[>>][611e929587aba069583723][DEFAULT][/testlink/lib/general/frmWorkArea.php][21/Aug/19 17:19:17]
[>>][611e92af74f1e461841845][DEFAULT][/testlink/index.php][21/Aug/19 17:19:43]
[>>][611e92afb3ff1248796002][DEFAULT][/testlink/lib/general/mainPage.php][21/Aug/19 17:19:43]
[>>][611e92afb4a5a800252237][DEFAULT][/testlink/lib/general/navBar.php][21/Aug/19 17:19:43]
[>>][611e92b427ab7252116901][DEFAULT][/testlink/lib/general/frmWorkArea.php][21/Aug/19 17:19:48]
[>>][611e92b78c52c705070181][DEFAULT][/testlink/index.php][21/Aug/19 17:19:51]
[>>][611e92b7bdd29217344098][DEFAULT][/testlink/lib/general/navBar.php][21/Aug/19 17:19:51]
[>>][611e92b7bf9ae813078295][DEFAULT][/testlink/lib/general/mainPage.php][21/Aug/19 17:19:51]
[>>][611e92bd5f1ec322226313][DEFAULT][/testlink/lib/general/frmWorkArea.php][21/Aug/19 17:19:57]
[>>][611e92dbcf56e518469905][DEFAULT][/testlink/index.php][21/Aug/19 17:20:27]
[>>][611e92dc1846b885126579][DEFAULT][/testlink/lib/general/navBar.php][21/Aug/19 17:20:28]
[>>][611e92dc189e9143730928][DEFAULT][/testlink/lib/general/mainPage.php][21/Aug/19 17:20:28]
[>>][611e92e05bed6786504854][DEFAULT][/testlink/lib/general/frmWorkArea.php][21/Aug/19 17:20:32]
[>>][611e92fc3b258735482676][DEFAULT][/testlink/index.php][21/Aug/19 17:21:00]
[>>][611e92fc726bc467349913][DEFAULT][/testlink/lib/general/mainPage.php][21/Aug/19 17:21:00]
[>>][611e92fc73e15325316686][DEFAULT][/testlink/lib/general/navBar.php][21/Aug/19 17:21:00]
[>>][611e92ff1d447871430649][DEFAULT][/testlink/lib/general/frmWorkArea.php][21/Aug/19 17:21:03]
[>>][611e92ff4a802923848259][DEFAULT][/testlink/lib/plan/newest_tcversions.php][21/Aug/19 17:21:03]
[>>][611e93032b18b205631654][DEFAULT][/testlink/lib/plan/newest_tcversions.php][21/Aug/19 17:21:07]
[>>][611e93061fbc4567522111][DEFAULT][/testlink/lib/plan/newest_tcversions.php][21/Aug/19 17:21:10]
[>>][611e93182c2d2431247846][DEFAULT][/testlink/index.php][21/Aug/19 17:21:28]
[>>][611e931862774169637936][DEFAULT][/testlink/lib/general/navBar.php][21/Aug/19 17:21:28]
[>>][611e931862c18802340609][DEFAULT][/testlink/lib/general/mainPage.php][21/Aug/19 17:21:28]
[>>][611e931eeb0c7873956097][DEFAULT][/testlink/lib/general/frmWorkArea.php][21/Aug/19 17:21:34]
[>>][611e931f26ab1881173285][DEFAULT][/testlink/lib/testcases/listTestCases.php][21/Aug/19 17:21:35]
[>>][611e931f26ecb834642196][DEFAULT][/testlink/lib/testcases/archiveData.php][21/Aug/19 17:21:35]
[>>][611e931f73c3c088162705][DEFAULT][/testlink/lib/ajax/gettprojectnodes.php][21/Aug/19 17:21:35]
[>>][611e931f96dcf163772876][DEFAULT][/testlink/lib/ajax/gettprojectnodes.php][21/Aug/19 17:21:35]
[>>][611e932151796469219374][DEFAULT][/testlink/lib/testcases/archiveData.php][21/Aug/19 17:21:37]
[>>][611e9323f3e78259170828][DEFAULT][/testlink/lib/testcases/tcEdit.php][21/Aug/19 17:21:39]
[>>][611e93296f51f764144162][DEFAULT][/testlink/login.php][21/Aug/19 17:21:45]
[>>][611e932988925641329315][DEFAULT][/testlink/lib/testcases/tcEdit.php][21/Aug/19 17:21:45]
[>>][611e933299f46673636822][DEFAULT][/testlink/login.php][21/Aug/19 17:21:54]
[>>][611e9332b2d79293465903][DEFAULT][/testlink/lib/testcases/tcEdit.php][21/Aug/19 17:21:54]
[>>][611e9344abba0879441357][DEFAULT][/testlink/index.php][21/Aug/19 17:22:12]
[>>][611e9344cfcc1110905552][DEFAULT][/testlink/lib/general/navBar.php][21/Aug/19 17:22:12]
[>>][611e9344d12e3366467003][DEFAULT][/testlink/lib/general/mainPage.php][21/Aug/19 17:22:12]
[>>][611e934a5a9f7307223039][DEFAULT][/testlink/lib/general/frmWorkArea.php][21/Aug/19 17:22:18]
[>>][611e934a7d9c5318999762][DEFAULT][/testlink/lib/plan/newest_tcversions.php][21/Aug/19 17:22:18]
[>>][611e934d243be961631747][DEFAULT][/testlink/lib/plan/newest_tcversions.php][21/Aug/19 17:22:21]
[>>][611e934eaa88e309279074][DEFAULT][/testlink/index.php][21/Aug/19 17:22:22]
[>>][611e934ecbf93634780333][DEFAULT][/testlink/lib/general/mainPage.php][21/Aug/19 17:22:22]
[>>][611e934ecc689728134511][DEFAULT][/testlink/lib/general/navBar.php][21/Aug/19 17:22:22]
[>>][611e9355aec71098704121][DEFAULT][/testlink/lib/general/frmWorkArea.php][21/Aug/19 17:22:29]
[>>][611e9355d1895743577832][DEFAULT][/testlink/lib/testcases/listTestCases.php][21/Aug/19 17:22:29]
[>>][611e9355d2180831694751][DEFAULT][/testlink/lib/testcases/archiveData.php][21/Aug/19 17:22:29]
[>>][611e935622b71805250632][DEFAULT][/testlink/lib/ajax/gettprojectnodes.php][21/Aug/19 17:22:30]
[>>][611e935645484895518316][DEFAULT][/testlink/lib/ajax/gettprojectnodes.php][21/Aug/19 17:22:30]
[>>][611e935b350cb504061788][DEFAULT][/testlink/lib/testcases/archiveData.php][21/Aug/19 17:22:35]
[>>][611e9364bff0e496527474][DEFAULT][/testlink/index.php][21/Aug/19 17:22:44]
[>>][611e9364ed521884645509][DEFAULT][/testlink/lib/general/mainPage.php][21/Aug/19 17:22:44]
[>>][611e9364ee9a8704056597][DEFAULT][/testlink/lib/general/navBar.php][21/Aug/19 17:22:44]
[>>][611e93695f42e508040081][DEFAULT][/testlink/lib/general/frmWorkArea.php][21/Aug/19 17:22:49]
[>>][611e936bdc400073885625][DEFAULT][/testlink/lib/plan/buildEdit.php][21/Aug/19 17:22:51]
[>>][611e937a0447d828068033][DEFAULT][/testlink/lib/plan/buildEdit.php][21/Aug/19 17:23:06]
[>>][611e93810b8d9058437552][DEFAULT][/testlink/lib/plan/buildEdit.php][21/Aug/19 17:23:13]
[>>][611e938137a40860537301][DEFAULT][/testlink/index.php][21/Aug/19 17:23:13]
[>>][611e9381611d2224714090][DEFAULT][/testlink/lib/general/navBar.php][21/Aug/19 17:23:13]
[>>][611e938162fe3214663064][DEFAULT][/testlink/lib/general/mainPage.php][21/Aug/19 17:23:13]
[>>][611e93840cf08066327386][DEFAULT][/testlink/index.php][21/Aug/19 17:23:16]
[>>][611e938430103547175890][DEFAULT][/testlink/lib/plan/buildEdit.php][21/Aug/19 17:23:16]
[>>][611e938430973579331556][DEFAULT][/testlink/lib/general/navBar.php][21/Aug/19 17:23:16]
[>>][611e93845d9c6662885195][DEFAULT][/testlink/index.php][21/Aug/19 17:23:16]
[>>][611e93848074f425769604][DEFAULT][/testlink/lib/general/mainPage.php][21/Aug/19 17:23:16]
[>>][611e938480748742462298][DEFAULT][/testlink/lib/general/navBar.php][21/Aug/19 17:23:16]
[>>][611e938932421095704286][DEFAULT][/testlink/lib/general/frmWorkArea.php][21/Aug/19 17:23:21]
[>>][611e93895c088499171186][DEFAULT][/testlink/lib/execute/execDashboard.php][21/Aug/19 17:23:21]
[>>][611e93895c2a7943873102][DEFAULT][/testlink/lib/execute/execNavigator.php][21/Aug/19 17:23:21]
[>>][611e9389c9bd4941369946][DEFAULT][/testlink/lib/execute/execDashboard.php][21/Aug/19 17:23:21]
[>>][611e93a3018b8992215820][DEFAULT][/testlink/lib/execute/execNavigator.php][21/Aug/19 17:23:47]
[>>][611e93a35bdb3915993978][DEFAULT][/testlink/lib/execute/execDashboard.php][21/Aug/19 17:23:47]
[>>][611e93a43a992642956452][DEFAULT][/testlink/lib/execute/execDashboard.php][21/Aug/19 17:23:48]
[>>][611e93af10e82201135738][DEFAULT][/testlink/lib/execute/execDashboard.php][21/Aug/19 17:23:59]
[>>][611e93b055bcc104842803][DEFAULT][/testlink/lib/execute/execDashboard.php][21/Aug/19 17:24:00]
[>>][611e93b112e5b438071844][DEFAULT][/testlink/lib/execute/execDashboard.php][21/Aug/19 17:24:01]
[>>][611e93b1bf187298173020][DEFAULT][/testlink/lib/execute/execDashboard.php][21/Aug/19 17:24:01]
[>>][611e93b71d80a064906979][DEFAULT][/testlink/index.php][21/Aug/19 17:24:07]
[>>][611e93b746bc9590973528][DEFAULT][/testlink/lib/general/navBar.php][21/Aug/19 17:24:07]
[>>][611e93b746ccf704785292][DEFAULT][/testlink/lib/general/mainPage.php][21/Aug/19 17:24:07]
[>>][611e93bfc8a8d624800321][DEFAULT][/testlink/lib/plan/buildView.php][21/Aug/19 17:24:15]
[>>][611e93c74c161085241221][DEFAULT][/testlink/lib/general/frmWorkArea.php][21/Aug/19 17:24:23]
[>>][611e93c773295774419074][DEFAULT][/testlink/lib/execute/execNavigator.php][21/Aug/19 17:24:23]
[>>][611e93c774af8724074909][DEFAULT][/testlink/lib/execute/execDashboard.php][21/Aug/19 17:24:23]
[>>][611e93c7b78d4009042966][DEFAULT][/testlink/lib/execute/execDashboard.php][21/Aug/19 17:24:23]
[>>][611e93d194bae558850376][DEFAULT][/testlink/lib/execute/execNavigator.php][21/Aug/19 17:24:33]
[>>][611e93d1dc33e303904469][DEFAULT][/testlink/lib/execute/execDashboard.php][21/Aug/19 17:24:33]
[>>][611e93d58148f574281736][DEFAULT][/testlink/lib/execute/execSetResults.php][21/Aug/19 17:24:37]
[>>][611e93d9aed51135198829][DEFAULT][/testlink/lib/execute/execSetResults.php][21/Aug/19 17:24:41]
[>>][611e93da29925360416346][DEFAULT][/testlink/lib/execute/execNavigator.php][21/Aug/19 17:24:42]
[>>][611e93dc34458485280724][DEFAULT][/testlink/lib/execute/execSetResults.php][21/Aug/19 17:24:44]
[>>][611e941f787e8735466816][DEFAULT][/testlink/lib/execute/execSetResults.php][21/Aug/19 17:25:51]
[>>][611e9438031f7004307729][DEFAULT][/testlink/lib/execute/execSetResults.php][21/Aug/19 17:26:16]
[>>][611e944c3d0e9919074821][DEFAULT][/testlink/lib/execute/execSetResults.php][21/Aug/19 17:26:36]
[>>][611e944ca8dfc342958044][DEFAULT][/testlink/lib/execute/execNavigator.php][21/Aug/19 17:26:36]
[>>][611e9451ebe91950474707][DEFAULT][/testlink/lib/execute/execSetResults.php][21/Aug/19 17:26:41]
[>>][611e9452541ce456326486][DEFAULT][/testlink/lib/execute/execNavigator.php][21/Aug/19 17:26:42]
[>>][611e9456b4e8b182890335][DEFAULT][/testlink/lib/execute/execSetResults.php][21/Aug/19 17:26:46]
[>>][611e945725def305298819][DEFAULT][/testlink/lib/execute/execNavigator.php][21/Aug/19 17:26:47]
[>>][611e946423629219254312][DEFAULT][/testlink/lib/execute/execSetResults.php][21/Aug/19 17:27:00]
[>>][611e946493b06942513449][DEFAULT][/testlink/lib/execute/execNavigator.php][21/Aug/19 17:27:00]
[>>][611e946b78127138115716][DEFAULT][/testlink/lib/execute/execSetResults.php][21/Aug/19 17:27:07]
[>>][611e946da110b310666971][DEFAULT][/testlink/lib/execute/execSetResults.php][21/Aug/19 17:27:09]
[>>][611e9470a696d123995849][DEFAULT][/testlink/lib/execute/execSetResults.php][21/Aug/19 17:27:12]
[>>][611e94711ed10397854601][DEFAULT][/testlink/lib/execute/execNavigator.php][21/Aug/19 17:27:13]
[>>][611e947223c75645903763][DEFAULT][/testlink/lib/execute/execSetResults.php][21/Aug/19 17:27:14]
[>>][611e9473a036c427931942][DEFAULT][/testlink/lib/execute/execSetResults.php][21/Aug/19 17:27:15]
[>>][611e94740596a646222045][DEFAULT][/testlink/lib/execute/execNavigator.php][21/Aug/19 17:27:16]
[>>][611e947513f00565310174][DEFAULT][/testlink/lib/execute/execSetResults.php][21/Aug/19 17:27:17]
[>>][611e94765ab1f009197751][DEFAULT][/testlink/lib/execute/execSetResults.php][21/Aug/19 17:27:18]
[>>][611e9476b576e444938517][DEFAULT][/testlink/lib/execute/execNavigator.php][21/Aug/19 17:27:18]
[>>][611e9477b9740016775472][DEFAULT][/testlink/lib/execute/execSetResults.php][21/Aug/19 17:27:19]
[>>][611e9478dfc38515336108][DEFAULT][/testlink/lib/execute/execSetResults.php][21/Aug/19 17:27:20]
[>>][611e94794860d764329084][DEFAULT][/testlink/lib/execute/execNavigator.php][21/Aug/19 17:27:21]
[>>][611e947a76488199644282][DEFAULT][/testlink/lib/execute/execSetResults.php][21/Aug/19 17:27:22]
[>>][611e947bcb9ca273119138][DEFAULT][/testlink/lib/execute/execSetResults.php][21/Aug/19 17:27:23]
[>>][611e947c333bd188852350][DEFAULT][/testlink/lib/execute/execNavigator.php][21/Aug/19 17:27:24]
[>>][611e947dbc676862524978][DEFAULT][/testlink/lib/execute/execSetResults.php][21/Aug/19 17:27:25]
[>>][611e9480c2028994080325][DEFAULT][/testlink/lib/execute/execSetResults.php][21/Aug/19 17:27:28]
[>>][611e948135d51948110805][DEFAULT][/testlink/lib/execute/execNavigator.php][21/Aug/19 17:27:29]
[>>][611e9491541f5474738585][DEFAULT][/testlink/lib/execute/execSetResults.php][21/Aug/19 17:27:45]
[>>][611e9491c1762110349871][DEFAULT][/testlink/lib/execute/execNavigator.php][21/Aug/19 17:27:45]
[>>][611e94b0588f6677325104][DEFAULT][/lib/attachments/attachmentupload.php][21/Aug/19 17:28:16]
[>>][611e94b239847079695852][DEFAULT][/testlink/lib/execute/execSetResults.php][21/Aug/19 17:28:18]
[>>][611e94b934ba6946507625][DEFAULT][/testlink/lib/execute/execPrint.php][21/Aug/19 17:28:25]
[>>][611e94c60096e778889182][DEFAULT][/testlink/lib/execute/execSetResults.php][21/Aug/19 17:28:38]
[>>][611e94c91c25b910175151][DEFAULT][/testlink/lib/execute/execSetResults.php][21/Aug/19 17:28:41]
[>>][611e94d0540b6645565177][DEFAULT][/testlink/lib/execute/execDashboard.php][21/Aug/19 17:28:48]
[>>][611e94d7b9246009652785][DEFAULT][/testlink/lib/execute/execSetResults.php][21/Aug/19 17:28:55]
[>>][611e94d9423ea308955117][DEFAULT][/testlink/lib/execute/execSetResults.php][21/Aug/19 17:28:57]
[>>][611e94dc5f534529996709][DEFAULT][/testlink/lib/execute/execSetResults.php][21/Aug/19 17:29:00]
[>>][611e94dd35d48848214486][DEFAULT][/testlink/lib/execute/execSetResults.php][21/Aug/19 17:29:01]
[>>][611e94df0c645950137616][DEFAULT][/testlink/lib/execute/execSetResults.php][21/Aug/19 17:29:03]
[>>][611e94e18f174628538282][DEFAULT][/testlink/lib/execute/execSetResults.php][21/Aug/19 17:29:05]
[>>][611e94f6dfa59340255300][DEFAULT][/testlink/index.php][21/Aug/19 17:29:26]
[>>][611e94f718ba1797836858][DEFAULT][/testlink/lib/general/mainPage.php][21/Aug/19 17:29:27]
[>>][611e94f71b8ac625921638][DEFAULT][/testlink/lib/general/navBar.php][21/Aug/19 17:29:27]
[>>][611e94f94efd6092020034][DEFAULT][/testlink/lib/general/frmWorkArea.php][21/Aug/19 17:29:29]
[>>][611e94f9740e1908302858][DEFAULT][/testlink/lib/results/resultsNavigator.php][21/Aug/19 17:29:29]
[>>][611e94f975c95156446070][DEFAULT][/testlink/lib/general/staticPage.php][21/Aug/19 17:29:29]
[>>][611e94f99ac78967709835][DEFAULT][/testlink/lib/general/staticPage.php][21/Aug/19 17:29:29]
[>>][611e94ffda965575171568][DEFAULT][/testlink/lib/results/resultsNavigator.php][21/Aug/19 17:29:35]
[>>][611e950012a2c174428234][DEFAULT][/testlink/lib/general/staticPage.php][21/Aug/19 17:29:36]
[>>][611e9506bcf1f067256140][DEFAULT][/testlink/lib/results/printDocOptions.php][21/Aug/19 17:29:42]
[>>][611e950b6a28e880658975][DEFAULT][/testlink/lib/results/printDocument.php][21/Aug/19 17:29:47]
[>>][611e951e1fbf1057652312][DEFAULT][/testlink/lib/results/printDocOptions.php][21/Aug/19 17:30:06]
[>>][611e952228ddf936816174][DEFAULT][/testlink/lib/results/printDocument.php][21/Aug/19 17:30:10]
[>>][611e953f04fb8642475497][DEFAULT][/testlink/lib/results/resultsTC.php][21/Aug/19 17:30:39]
[>>][611e9552c84e2761097564][DEFAULT][/testlink/index.php][21/Aug/19 17:30:58]
[>>][611e9552ef60b556869515][DEFAULT][/testlink/lib/general/navBar.php][21/Aug/19 17:30:58]
[>>][611e9552f0feb719358889][DEFAULT][/testlink/lib/general/mainPage.php][21/Aug/19 17:30:58]
[>>][611e95574b2cd662599895][DEFAULT][/testlink/lib/plan/planView.php][21/Aug/19 17:31:03]
[>>][611e9559802b4145623297][DEFAULT][/testlink/lib/plan/planEdit.php][21/Aug/19 17:31:05]
[>>][611e9567381fd241894800][DEFAULT][/testlink/lib/general/frmWorkArea.php][21/Aug/19 17:31:19]
[>>][611e95675f8ac238224036][DEFAULT][/testlink/lib/plan/newest_tcversions.php][21/Aug/19 17:31:19]
[>>][611e956997039914471264][DEFAULT][/testlink/lib/plan/newest_tcversions.php][21/Aug/19 17:31:21]
[>>][611e956e94e74525928731][DEFAULT][/testlink/lib/plan/newest_tcversions.php][21/Aug/19 17:31:26]
[>>][611e95711347d556225950][DEFAULT][/testlink/index.php][21/Aug/19 17:31:29]
[>>][611e95713de1d649020349][DEFAULT][/testlink/lib/general/navBar.php][21/Aug/19 17:31:29]
[>>][611e95713e14d534782764][DEFAULT][/testlink/lib/general/mainPage.php][21/Aug/19 17:31:29]
[>>][611e957b84ec3426221369][DEFAULT][/testlink/lib/general/frmWorkArea.php][21/Aug/19 17:31:39]
[>>][611e957ba6136072603698][DEFAULT][/testlink/lib/testcases/listTestCases.php][21/Aug/19 17:31:39]
[>>][611e957ba6249390172494][DEFAULT][/testlink/lib/testcases/archiveData.php][21/Aug/19 17:31:39]
[>>][611e957c00dad657271708][DEFAULT][/testlink/lib/ajax/gettprojectnodes.php][21/Aug/19 17:31:40]
[>>][611e957c21e14800475646][DEFAULT][/testlink/lib/ajax/gettprojectnodes.php][21/Aug/19 17:31:40]
[>>][611e957dc4aca341472593][DEFAULT][/testlink/lib/testcases/archiveData.php][21/Aug/19 17:31:41]
[>>][611e9589856da352306268][DEFAULT][/testlink/lib/testcases/tcEdit.php][21/Aug/19 17:31:53]
[>>][611e9590b21de546533576][DEFAULT][/testlink/lib/testcases/tcEdit.php][21/Aug/19 17:32:00]
[>>][611e959bab632282781734][DEFAULT][/testlink/login.php][21/Aug/19 17:32:11]
[>>][611e959bd8dbe091864731][DEFAULT][/testlink/lib/testcases/tcEdit.php][21/Aug/19 17:32:11]
[>>][611e959f41cc4410579414][DEFAULT][/testlink/index.php][21/Aug/19 17:32:15]
[>>][611e959f6b0f0188828604][DEFAULT][/testlink/lib/general/mainPage.php][21/Aug/19 17:32:15]
[>>][611e95a7f2e78328451333][DEFAULT][/testlink/lib/general/frmWorkArea.php][21/Aug/19 17:32:23]
[>>][611e95a81d358396303623][DEFAULT][/testlink/lib/plan/newest_tcversions.php][21/Aug/19 17:32:24]
[>>][611e95aa201c9855340421][DEFAULT][/testlink/lib/plan/newest_tcversions.php][21/Aug/19 17:32:26]
[>>][611e95b348296827912893][DEFAULT][/testlink/lib/execute/execHistory.php][21/Aug/19 17:32:35]
[>>][611e95c941482281578557][DEFAULT][/testlink/index.php][21/Aug/19 17:32:57]
[>>][611e95c96137e112498668][DEFAULT][/testlink/lib/general/navBar.php][21/Aug/19 17:32:57]
[>>][611e95c962f8b453985850][DEFAULT][/testlink/lib/general/mainPage.php][21/Aug/19 17:32:57]
[>>][611e95ce4a44c327071524][DEFAULT][/testlink/lib/keywords/keywordsView.php][21/Aug/19 17:33:02]
[>>][611e95d0462d6026088546][DEFAULT][/testlink/lib/keywords/keywordsEdit.php][21/Aug/19 17:33:04]
[>>][611e95d1b321c074449840][DEFAULT][/testlink/lib/keywords/keywordsView.php][21/Aug/19 17:33:05]
[>>][611e95d3b8df2254210311][DEFAULT][/testlink/lib/platforms/platformsView.php][21/Aug/19 17:33:07]
[>>][611e95d628c92943752799][DEFAULT][/testlink/lib/platforms/platformsEdit.php][21/Aug/19 17:33:10]
[>>][611e95d8388a0246420149][DEFAULT][/testlink/lib/platforms/platformsView.php][21/Aug/19 17:33:12]
